<?xml version="1.0" encoding="UTF-8"?>
<!-- Generated by org.testng.reporters.JUnitXMLReporter -->
<testsuite ignored="1" hostname="DESKTOP-MOK7TM7" failures="1" tests="3" name="Test" time="16.368" errors="0" timestamp="2024-11-13T15:58:30 IST">
  <testcase classname="test.KeralaPropertyHometest" name="linkcounttest" time="0.033"/>
  <testcase classname="test.KeralaPropertyHometest" name="titleverificationtest" time="0.283">
    <failure type="java.lang.AssertionError" message="expected [Keralaproperty] but found [Search Real Estate Properties in Kerala - KeralaProperty]">
      <![CDATA[java.lang.AssertionError: expected [Keralaproperty] but found [Search Real Estate Properties in Kerala - KeralaProperty]
at test.KeralaPropertyHometest.titleverificationtest(KeralaPropertyHometest.java:25)
at java.base/java.util.ArrayList.forEach(ArrayList.java:1511)
... Removed 33 stack frames]]>
    </failure>
  </testcase> <!-- titleverificationtest -->
  <testcase classname="test.Addpropertytest" name="setvaluesproperty" time="6.46"/>
  <testcase classname="base.Baseclass" name="@BeforeTest setup" time="0.0">
    <ignored/>
  </testcase> <!-- @BeforeTest setup -->
</testsuite> <!-- Test -->
